生成启动时间为 2015/11/25 0:09:53。
     1>项目“E:\Code\C++\Algorithm\Algorithm\Basic\Basic\Basic.vcxproj”在节点 2 上(Build 个目标)。
     1>InitializeBuildStatus:
         正在创建“Debug\Basic.tlog\unsuccessfulbuild”，因为已指定“AlwaysCreate”。
       ClCompile:
         D:\program\VisualStudio\2013\VC\bin\CL.exe /c /I..\..\include\Basic /ZI /nologo /W3 /WX- /sdl /Od /Oy- /D WIN32 /D _DEBUG /D _CONSOLE /D _LIB /D _UNICODE /D UNICODE /Gm /EHsc /RTC1 /MDd /GS /fp:precise /Zc:wchar_t /Zc:forScope /Fo"Debug\\" /Fd"Debug\vc120.pdb" /Gd /TP /analyze- /errorReport:prompt ..\..\src\Basic\BinaryArray.cpp
         {{xgTaskID=00000005}}
         BinaryArray.cpp
         {{xgTaskID=00000000}}
       Link:
         D:\program\VisualStudio\2013\VC\bin\link.exe /ERRORREPORT:PROMPT /OUT:"E:\Code\C++\Algorithm\Algorithm\Sort\Debug\Basic.exe" /INCREMENTAL /NOLOGO kernel32.lib user32.lib gdi32.lib winspool.lib comdlg32.lib advapi32.lib shell32.lib ole32.lib oleaut32.lib uuid.lib odbc32.lib odbccp32.lib /MANIFEST /MANIFESTUAC:"level='asInvoker' uiAccess='false'" /manifest:embed /DEBUG /PDB:"E:\Code\C++\Algorithm\Algorithm\Sort\Debug\Basic.pdb" /SUBSYSTEM:CONSOLE /TLBID:1 /DYNAMICBASE /NXCOMPAT /IMPLIB:"E:\Code\C++\Algorithm\Algorithm\Sort\Debug\Basic.lib" /MACHINE:X86 Debug\BinaryArray.obj
         Debug\main.obj
         {{xgTaskID=00000006}}
         
         {{xgTaskID=00000000}}
         Basic.vcxproj -> E:\Code\C++\Algorithm\Algorithm\Sort\Debug\Basic.exe
       FinalizeBuildStatus:
         正在删除文件“Debug\Basic.tlog\unsuccessfulbuild”。
         正在对“Debug\Basic.tlog\Basic.lastbuildstate”执行 Touch 任务。
     1>已完成生成项目“E:\Code\C++\Algorithm\Algorithm\Basic\Basic\Basic.vcxproj”(Build 个目标)的操作。

生成成功。

已用时间 00:00:00.61
